Copyright 1986-2022 Xilinx, Inc. All Rights Reserved.
------------------------------------------------------------------------------------------------------------------
| Tool Version : Vivado v.2022.2 (win64) Build 3671981 Fri Oct 14 05:00:03 MDT 2022
| Date         : Tue Jul 14 00:32:12 2026
| Host         : Karan-Laptop running 64-bit major release  (build 9200)
| Command      : report_timing_summary -file C:/nmc_cxl_project/orderbook_project/fpga/reports/timing_summary.rpt
| Design       : orderbook_top
| Device       : 7s50-csga324
| Speed File   : -1  PRODUCTION 1.23 2018-06-13
------------------------------------------------------------------------------------------------------------------

Timing Summary Report

------------------------------------------------------------------------------------------------
| Timer Settings
| --------------
------------------------------------------------------------------------------------------------

  Enable Multi Corner Analysis               :  Yes
  Enable Pessimism Removal                   :  Yes
  Pessimism Removal Resolution               :  Nearest Common Node
  Enable Input Delay Default Clock           :  No
  Enable Preset / Clear Arcs                 :  No
  Disable Flight Delays                      :  No
  Ignore I/O Paths                           :  No
  Timing Early Launch at Borrowing Latches   :  No
  Borrow Time for Max Delay Exceptions       :  Yes
  Merge Timing Exceptions                    :  Yes

  Corner  Analyze    Analyze    
  Name    Max Paths  Min Paths  
  ------  ---------  ---------  
  Slow    Yes        Yes        
  Fast    Yes        Yes        


------------------------------------------------------------------------------------------------
| Report Methodology
| ------------------
------------------------------------------------------------------------------------------------

No report available as report_methodology has not been run prior. Run report_methodology on the current design for the summary of methodology violations.



check_timing report

Table of Contents
-----------------
1. checking no_clock (0)
2. checking constant_clock (0)
3. checking pulse_width_clock (0)
4. checking unconstrained_internal_endpoints (0)
5. checking no_input_delay (171)
6. checking no_output_delay (2064)
7. checking multiple_clock (0)
8. checking generated_clocks (0)
9. checking loops (0)
10. checking partial_input_delay (0)
11. checking partial_output_delay (0)
12. checking latch_loops (0)

1. checking no_clock (0)
------------------------
 There are 0 register/latch pins with no clock.


2. checking constant_clock (0)
------------------------------
 There are 0 register/latch pins with constant_clock.


3. checking pulse_width_clock (0)
---------------------------------
 There are 0 register/latch pins which need pulse_width check


4. checking unconstrained_internal_endpoints (0)
------------------------------------------------
 There are 0 pins that are not constrained for maximum delay.

 There are 0 pins that are not constrained for maximum delay due to constant clock.


5. checking no_input_delay (171)
--------------------------------
 There are 171 input ports with no input delay specified. (HIGH)

 There are 0 input ports with no input delay but user has a false path constraint.


6. checking no_output_delay (2064)
----------------------------------
 There are 2064 ports with no output delay specified. (HIGH)

 There are 0 ports with no output delay but user has a false path constraint

 There are 0 ports with no output delay but with a timing clock defined on it or propagating through it


7. checking multiple_clock (0)
------------------------------
 There are 0 register/latch pins with multiple clocks.


8. checking generated_clocks (0)
--------------------------------
 There are 0 generated clocks that are not connected to a clock source.


9. checking loops (0)
---------------------
 There are 0 combinational loops in the design.


10. checking partial_input_delay (0)
------------------------------------
 There are 0 input ports with partial input delay specified.


11. checking partial_output_delay (0)
-------------------------------------
 There are 0 ports with partial output delay specified.


12. checking latch_loops (0)
----------------------------
 There are 0 combinational latch loops in the design through latch input



------------------------------------------------------------------------------------------------
| Design Timing Summary
| ---------------------
------------------------------------------------------------------------------------------------

    WNS(ns)      TNS(ns)  TNS Failing Endpoints  TNS Total Endpoints      WHS(ns)      THS(ns)  THS Failing Endpoints  THS Total Endpoints     WPWS(ns)     TPWS(ns)  TPWS Failing Endpoints  TPWS Total Endpoints  
    -------      -------  ---------------------  -------------------      -------      -------  ---------------------  -------------------     --------     --------  ----------------------  --------------------  
      0.268        0.000                      0                38303        0.194        0.000                      0                38303        3.750        0.000                       0                  7664  


All user specified timing constraints are met.


------------------------------------------------------------------------------------------------
| Clock Summary
| -------------
------------------------------------------------------------------------------------------------

Clock  Waveform(ns)       Period(ns)      Frequency(MHz)
-----  ------------       ----------      --------------
clk    {0.000 5.000}      10.000          100.000         


------------------------------------------------------------------------------------------------
| Intra Clock Table
| -----------------
------------------------------------------------------------------------------------------------

Clock             WNS(ns)      TNS(ns)  TNS Failing Endpoints  TNS Total Endpoints      WHS(ns)      THS(ns)  THS Failing Endpoints  THS Total Endpoints     WPWS(ns)     TPWS(ns)  TPWS Failing Endpoints  TPWS Total Endpoints  
-----             -------      -------  ---------------------  -------------------      -------      -------  ---------------------  -------------------     --------     --------  ----------------------  --------------------  
clk                 0.268        0.000                      0                38303        0.194        0.000                      0                38303        3.750        0.000                       0                  7664  


------------------------------------------------------------------------------------------------
| Inter Clock Table
| -----------------
------------------------------------------------------------------------------------------------

From Clock    To Clock          WNS(ns)      TNS(ns)  TNS Failing Endpoints  TNS Total Endpoints      WHS(ns)      THS(ns)  THS Failing Endpoints  THS Total Endpoints  
----------    --------          -------      -------  ---------------------  -------------------      -------      -------  ---------------------  -------------------  


------------------------------------------------------------------------------------------------
| Other Path Groups Table
| -----------------------
------------------------------------------------------------------------------------------------

Path Group    From Clock    To Clock          WNS(ns)      TNS(ns)  TNS Failing Endpoints  TNS Total Endpoints      WHS(ns)      THS(ns)  THS Failing Endpoints  THS Total Endpoints  
----------    ----------    --------          -------      -------  ---------------------  -------------------      -------      -------  ---------------------  -------------------  


------------------------------------------------------------------------------------------------
| Timing Details
| --------------
------------------------------------------------------------------------------------------------


---------------------------------------------------------------------------------------------------
From Clock:  clk
  To Clock:  clk

Setup :            0  Failing Endpoints,  Worst Slack        0.268ns,  Total Violation        0.000ns
Hold  :            0  Failing Endpoints,  Worst Slack        0.194ns,  Total Violation        0.000ns
PW    :            0  Failing Endpoints,  Worst Slack        3.750ns,  Total Violation        0.000ns
---------------------------------------------------------------------------------------------------


Max Delay Paths
--------------------------------------------------------------------------------------
Slack (MET) :             0.268ns  (required time - arrival time)
  Source:                 u_fr/remain_q_reg[0]/C
                            (rising edge-triggered cell FDRE clocked by clk  {rise@0.000ns fall@5.000ns period=10.000ns})
  Destination:            u_fr/win_q_reg[16][0]/CE
                            (rising edge-triggered cell FDRE clocked by clk  {rise@0.000ns fall@5.000ns period=10.000ns})
  Path Group:             clk
  Path Type:              Setup (Max at Slow Process Corner)
  Requirement:            10.000ns  (clk rise@10.000ns - clk rise@0.000ns)
  Data Path Delay:        9.446ns  (logic 3.097ns (32.786%)  route 6.349ns (67.214%))
  Logic Levels:           11  (CARRY4=3 LUT2=1 LUT4=2 LUT5=1 LUT6=4)
  Clock Path Skew:        -0.049ns (DCD - SCD + CPR)
    Destination Clock Delay (DCD):    0.924ns = ( 10.924 - 10.000 ) 
    Source Clock Delay      (SCD):    0.973ns
    Clock Pessimism Removal (CPR):    0.000ns
  Clock Uncertainty:      0.035ns  ((TSJ^2 + TIJ^2)^1/2 + DJ) / 2 + PE
    Total System Jitter     (TSJ):    0.071ns
    Total Input Jitter      (TIJ):    0.000ns
    Discrete Jitter          (DJ):    0.000ns
    Phase Error              (PE):    0.000ns

    Location             Delay type                Incr(ns)  Path(ns)    Netlist Resource(s)
  -------------------------------------------------------------------    -------------------
                         (clock clk rise edge)        0.000     0.000 r  
                                                      0.000     0.000 r  clk (IN)
                         net (fo=7665, unset)         0.973     0.973    u_fr/clk
                         FDRE                                         r  u_fr/remain_q_reg[0]/C
  -------------------------------------------------------------------    -------------------
                         FDRE (Prop_fdre_C_Q)         0.456     1.429 f  u_fr/remain_q_reg[0]/Q
                         net (fo=6, unplaced)         0.773     2.202    u_fr/remain_q_reg_n_0_[0]
                         LUT4 (Prop_lut4_I1_O)        0.321     2.523 r  u_fr/body[0][7]_i_17/O
                         net (fo=1, unplaced)         0.000     2.523    u_fr/body[0][7]_i_17_n_0
                         CARRY4 (Prop_carry4_DI[0]_CO[3])
                                                      0.553     3.076 r  u_fr/body_reg[0][7]_i_10/CO[3]
                         net (fo=1, unplaced)         0.009     3.085    u_fr/body_reg[0][7]_i_10_n_0
                         CARRY4 (Prop_carry4_CI_CO[3])
                                                      0.114     3.199 r  u_fr/body_reg[0][7]_i_8/CO[3]
                         net (fo=9, unplaced)         0.959     4.158    u_fr/consume_c1
                         LUT6 (Prop_lut6_I2_O)        0.124     4.282 r  u_fr/body[0][7]_i_7/O
                         net (fo=209, unplaced)       0.567     4.849    u_fr/f_nbytes[1]
                         LUT2 (Prop_lut2_I1_O)        0.124     4.973 r  u_fr/cnt_q[5]_i_11/O
                         net (fo=1, unplaced)         0.000     4.973    u_fr/cnt_q[5]_i_11_n_0
                         CARRY4 (Prop_carry4_S[1]_O[2])
                                                      0.580     5.553 f  u_fr/cnt_q_reg[5]_i_3/O[2]
                         net (fo=124, unplaced)       1.219     6.772    u_fr/p_0_in[2]
                         LUT5 (Prop_lut5_I0_O)        0.329     7.101 r  u_fr/win_q[30][7]_i_18/O
                         net (fo=1, unplaced)         0.902     8.003    u_mold/win_q[16][7]_i_3_0
                         LUT6 (Prop_lut6_I0_O)        0.124     8.127 r  u_mold/win_q[30][7]_i_8/O
                         net (fo=14, unplaced)        0.500     8.627    u_mold/win_q[30][7]_i_8_n_0
                         LUT6 (Prop_lut6_I2_O)        0.124     8.751 r  u_mold/win_q[16][7]_i_3/O
                         net (fo=2, unplaced)         0.460     9.211    u_fr/p_63_out
                         LUT6 (Prop_lut6_I0_O)        0.124     9.335 r  u_fr/win_q[16][7]_i_5/O
                         net (fo=1, unplaced)         0.449     9.784    u_mold/win_q_reg[16][0]_0
                         LUT4 (Prop_lut4_I2_O)        0.124     9.908 r  u_mold/win_q[16][7]_i_1/O
                         net (fo=8, unplaced)         0.511    10.419    u_fr/win_q_reg[16][0]_2[0]
                         FDRE                                         r  u_fr/win_q_reg[16][0]/CE
  -------------------------------------------------------------------    -------------------

                         (clock clk rise edge)       10.000    10.000 r  
                                                      0.000    10.000 r  clk (IN)
                         net (fo=7665, unset)         0.924    10.924    u_fr/clk
                         FDRE                                         r  u_fr/win_q_reg[16][0]/C
                         clock pessimism              0.000    10.924    
                         clock uncertainty           -0.035    10.889    
                         FDRE (Setup_fdre_C_CE)      -0.202    10.687    u_fr/win_q_reg[16][0]
  -------------------------------------------------------------------
                         required time                         10.687    
                         arrival time                         -10.419    
  -------------------------------------------------------------------
                         slack                                  0.268    





Min Delay Paths
--------------------------------------------------------------------------------------
Slack (MET) :             0.194ns  (arrival time - required time)
  Source:                 u_stats/vwap_num_reg[12]/C
                            (rising edge-triggered cell FDRE clocked by clk  {rise@0.000ns fall@5.000ns period=10.000ns})
  Destination:            u_stats/vwap_num_reg[13]/D
                            (rising edge-triggered cell FDRE clocked by clk  {rise@0.000ns fall@5.000ns period=10.000ns})
  Path Group:             clk
  Path Type:              Hold (Min at Fast Process Corner)
  Requirement:            0.000ns  (clk rise@0.000ns - clk rise@0.000ns)
  Data Path Delay:        0.321ns  (logic 0.235ns (73.307%)  route 0.086ns (26.693%))
  Logic Levels:           1  (CARRY4=1)
  Clock Path Skew:        0.022ns (DCD - SCD - CPR)
    Destination Clock Delay (DCD):    0.432ns
    Source Clock Delay      (SCD):    0.410ns
    Clock Pessimism Removal (CPR):    -0.000ns

    Location             Delay type                Incr(ns)  Path(ns)    Netlist Resource(s)
  -------------------------------------------------------------------    -------------------
                         (clock clk rise edge)        0.000     0.000 r  
                                                      0.000     0.000 r  clk (IN)
                         net (fo=7665, unset)         0.410     0.410    u_stats/clk
                         FDRE                                         r  u_stats/vwap_num_reg[12]/C
  -------------------------------------------------------------------    -------------------
                         FDRE (Prop_fdre_C_Q)         0.141     0.551 r  u_stats/vwap_num_reg[12]/Q
                         net (fo=2, unplaced)         0.086     0.637    u_stats/vwap_num[12]
                         CARRY4 (Prop_carry4_DI[0]_O[1])
                                                      0.094     0.731 r  u_stats/vwap_num_reg[15]_i_1/O[1]
                         net (fo=1, unplaced)         0.000     0.731    u_stats/vwap_num0[13]
                         FDRE                                         r  u_stats/vwap_num_reg[13]/D
  -------------------------------------------------------------------    -------------------

                         (clock clk rise edge)        0.000     0.000 r  
                                                      0.000     0.000 r  clk (IN)
                         net (fo=7665, unset)         0.432     0.432    u_stats/clk
                         FDRE                                         r  u_stats/vwap_num_reg[13]/C
                         clock pessimism              0.000     0.432    
                         FDRE (Hold_fdre_C_D)         0.105     0.537    u_stats/vwap_num_reg[13]
  -------------------------------------------------------------------
                         required time                         -0.537    
                         arrival time                           0.731    
  -------------------------------------------------------------------
                         slack                                  0.194    





Pulse Width Checks
--------------------------------------------------------------------------------------
Clock Name:         clk
Waveform(ns):       { 0.000 5.000 }
Period(ns):         10.000
Sources:            { clk }

Check Type        Corner  Lib Pin      Reference Pin  Required(ns)  Actual(ns)  Slack(ns)  Location  Pin
Min Period        n/a     DSP48E1/CLK  n/a            3.884         10.000      6.116                u_stats/prod_q_reg/CLK
Low Pulse Width   Slow    RAMD64E/CLK  n/a            1.250         5.000       3.750                u_eng/ask_shares_mem_reg_0_127_0_0/DP.HIGH/CLK
High Pulse Width  Slow    RAMD64E/CLK  n/a            1.250         5.000       3.750                u_eng/ask_shares_mem_reg_0_127_0_0/DP.HIGH/CLK



